NAME: px-central
LAST DEPLOYED: Thu Feb  9 18:44:44 2023
NAMESPACE: pxb
STATUS: deployed
REVISION: 1
TEST SUITE: None
NOTES:
Your Release is named: "px-central"
PX-Central is deployed in the namespace: pxb
Chart Version: 2.2.0

--------------------------------------------------
Monitor PX-Central Install:
--------------------------------------------------
Wait for job "pxcentral-post-install-hook" status to be in "Completed" state.

    kubectl get po --namespace pxb -ljob-name=pxcentral-post-install-hook  -o wide | awk '{print $1, $3}' | grep -iv error

----------------------------
Features Summary:
----------------------------
PX-Backup: enabled
PX-Monitor: disabled
PX-License-Server: disabled

--------------------------------------------------
Access PX-Central UI:
--------------------------------------------------
Using port forwarding:

    kubectl port-forward service/px-backup-ui 8080:80 --namespace pxb

To access PX-Central:  http://localhost:8080
Login with the following credentials:

    Username: admin
    Password: admin

For more information: https://github.com/portworx/helm/blob/master/charts/px-central/README.md
